2023-07-06T13:13:40.993+05:30  INFO 10964 --- [main] com.authservice.AuthServiceApplication   : Starting AuthServiceApplication using Java 17.0.4 with PID 10964 (D:\GitHub\E-com\auth-service\target\classes started by ashishtripathi02 in D:\GitHub\E-com\customer-service)
2023-07-06T13:13:40.995+05:30  INFO 10964 --- [main] com.authservice.AuthServiceApplication   : No active profile set, falling back to 1 default profile: "default"
2023-07-06T13:13:41.539+05:30  INFO 10964 --- [main] .s.d.r.c.RepositoryConfigurationDelegate : Bootstrapping Spring Data JPA repositories in DEFAULT mode.
2023-07-06T13:13:41.667+05:30  INFO 10964 --- [main] .s.d.r.c.RepositoryConfigurationDelegate : Finished Spring Data repository scanning in 122 ms. Found 1 JPA repository interfaces.
2023-07-06T13:13:41.843+05:30  INFO 10964 --- [main] o.s.cloud.context.scope.GenericScope     : BeanFactory id=aeb59b67-d992-3cd7-b647-957d9236fc1b
2023-07-06T13:13:42.122+05:30  INFO 10964 --- [main] o.s.b.w.embedded.tomcat.TomcatWebServer  : Tomcat initialized with port(s): 8081 (http)
2023-07-06T13:13:42.130+05:30  INFO 10964 --- [main] o.apache.catalina.core.StandardService   : Starting service [Tomcat]
2023-07-06T13:13:42.130+05:30  INFO 10964 --- [main] o.apache.catalina.core.StandardEngine    : Starting Servlet engine: [Apache Tomcat/10.1.5]
2023-07-06T13:13:42.207+05:30  INFO 10964 --- [main] o.a.c.c.C.[Tomcat].[localhost].[/]       : Initializing Spring embedded WebApplicationContext
2023-07-06T13:13:42.207+05:30  INFO 10964 --- [main] w.s.c.ServletWebServerApplicationContext : Root WebApplicationContext: initialization completed in 1164 ms
2023-07-06T13:13:42.234+05:30  INFO 10964 --- [main] com.zaxxer.hikari.HikariDataSource       : HikariPool-1 - Starting...
2023-07-06T13:13:42.442+05:30  INFO 10964 --- [main] com.zaxxer.hikari.pool.HikariPool        : HikariPool-1 - Added connection conn0: url=jdbc:h2:mem:testdb user=SA
2023-07-06T13:13:42.444+05:30  INFO 10964 --- [main] com.zaxxer.hikari.HikariDataSource       : HikariPool-1 - Start completed.
2023-07-06T13:13:42.452+05:30  INFO 10964 --- [main] o.s.b.a.h2.H2ConsoleAutoConfiguration    : H2 console available at '/h2'. Database available at 'jdbc:h2:mem:testdb'
2023-07-06T13:13:42.554+05:30  INFO 10964 --- [main] o.hibernate.jpa.internal.util.LogHelper  : HHH000204: Processing PersistenceUnitInfo [name: default]
2023-07-06T13:13:42.606+05:30  INFO 10964 --- [main] org.hibernate.Version                    : HHH000412: Hibernate ORM core version 6.1.7.Final
2023-07-06T13:13:42.883+05:30  INFO 10964 --- [main] SQL dialect                              : HHH000400: Using dialect: org.hibernate.dialect.H2Dialect
2023-07-06T13:13:43.502+05:30  INFO 10964 --- [main] o.h.e.t.j.p.i.JtaPlatformInitiator       : HHH000490: Using JtaPlatform implementation: [org.hibernate.engine.transaction.jta.platform.internal.NoJtaPlatform]
2023-07-06T13:13:43.511+05:30  INFO 10964 --- [main] j.LocalContainerEntityManagerFactoryBean : Initialized JPA EntityManagerFactory for persistence unit 'default'
2023-07-06T13:13:43.780+05:30  WARN 10964 --- [main] JpaBaseConfiguration$JpaWebConfiguration : spring.jpa.open-in-view is enabled by default. Therefore, database queries may be performed during view rendering. Explicitly configure spring.jpa.open-in-view to disable this warning
2023-07-06T13:13:44.183+05:30  INFO 10964 --- [main] DiscoveryClientOptionalArgsConfiguration : Eureka HTTP Client uses RestTemplate.
2023-07-06T13:13:44.299+05:30  WARN 10964 --- [main] iguration$LoadBalancerCaffeineWarnLogger : Spring Cloud LoadBalancer is currently working with the default cache. While this cache implementation is useful for development and tests, it's recommended to use Caffeine cache in production.You can switch to using Caffeine cache, by adding it and org.springframework.cache.caffeine.CaffeineCacheManager to the classpath.
2023-07-06T13:13:44.345+05:30  INFO 10964 --- [main] o.s.c.n.eureka.InstanceInfoFactory       : Setting initial instance status as: STARTING
2023-07-06T13:13:44.370+05:30  INFO 10964 --- [main] com.netflix.discovery.DiscoveryClient    : Initializing Eureka in region us-east-1
2023-07-06T13:13:44.375+05:30  INFO 10964 --- [main] c.n.d.s.r.aws.ConfigClusterResolver      : Resolving eureka endpoints via configuration
2023-07-06T13:13:44.397+05:30  INFO 10964 --- [main] com.netflix.discovery.DiscoveryClient    : Disable delta property : false
2023-07-06T13:13:44.398+05:30  INFO 10964 --- [main] com.netflix.discovery.DiscoveryClient    : Single vip registry refresh property : null
2023-07-06T13:13:44.398+05:30  INFO 10964 --- [main] com.netflix.discovery.DiscoveryClient    : Force full registry fetch : false
2023-07-06T13:13:44.398+05:30  INFO 10964 --- [main] com.netflix.discovery.DiscoveryClient    : Application is null : false
2023-07-06T13:13:44.398+05:30  INFO 10964 --- [main] com.netflix.discovery.DiscoveryClient    : Registered Applications size is zero : true
2023-07-06T13:13:44.398+05:30  INFO 10964 --- [main] com.netflix.discovery.DiscoveryClient    : Application version is -1: true
2023-07-06T13:13:44.398+05:30  INFO 10964 --- [main] com.netflix.discovery.DiscoveryClient    : Getting all instance registry info from the eureka server
2023-07-06T13:13:44.907+05:30  INFO 10964 --- [main] com.netflix.discovery.DiscoveryClient    : The response status is 200
2023-07-06T13:13:44.909+05:30  INFO 10964 --- [main] com.netflix.discovery.DiscoveryClient    : Starting heartbeat executor: renew interval is: 30
2023-07-06T13:13:44.911+05:30  INFO 10964 --- [main] c.n.discovery.InstanceInfoReplicator     : InstanceInfoReplicator onDemand update allowed rate per min is 4
2023-07-06T13:13:44.914+05:30  INFO 10964 --- [main] com.netflix.discovery.DiscoveryClient    : Discovery Client initialized at timestamp 1688629424913 with initial instances count: 0
2023-07-06T13:13:44.916+05:30  INFO 10964 --- [main] o.s.c.n.e.s.EurekaServiceRegistry        : Registering application USER-SERVICE with eureka with status UP
2023-07-06T13:13:44.917+05:30  INFO 10964 --- [main] com.netflix.discovery.DiscoveryClient    : Saw local status change event StatusChangeEvent [timestamp=1688629424917, current=UP, previous=STARTING]
2023-07-06T13:13:44.918+05:30  INFO 10964 --- [DiscoveryClient-InstanceInfoReplicator-0] com.netflix.discovery.DiscoveryClient    : DiscoveryClient_USER-SERVICE/IN-PG02NMKK.Nagarro.local:USER-SERVICE:8081: registering service...
2023-07-06T13:13:44.946+05:30  INFO 10964 --- [main] o.s.b.w.embedded.tomcat.TomcatWebServer  : Tomcat started on port(s): 8081 (http) with context path ''
2023-07-06T13:13:44.947+05:30  INFO 10964 --- [main] .s.c.n.e.s.EurekaAutoServiceRegistration : Updating port to 8081
2023-07-06T13:13:45.033+05:30  INFO 10964 --- [main] com.authservice.AuthServiceApplication   : Started AuthServiceApplication in 4.549 seconds (process running for 5.086)
2023-07-06T13:13:45.068+05:30  INFO 10964 --- [DiscoveryClient-InstanceInfoReplicator-0] com.netflix.discovery.DiscoveryClient    : DiscoveryClient_USER-SERVICE/IN-PG02NMKK.Nagarro.local:USER-SERVICE:8081 - registration status: 204
2023-07-06T13:14:14.919+05:30  INFO 10964 --- [DiscoveryClient-CacheRefreshExecutor-0] com.netflix.discovery.DiscoveryClient    : Disable delta property : false
2023-07-06T13:14:14.920+05:30  INFO 10964 --- [DiscoveryClient-CacheRefreshExecutor-0] com.netflix.discovery.DiscoveryClient    : Single vip registry refresh property : null
2023-07-06T13:14:14.920+05:30  INFO 10964 --- [DiscoveryClient-CacheRefreshExecutor-0] com.netflix.discovery.DiscoveryClient    : Force full registry fetch : false
2023-07-06T13:14:14.920+05:30  INFO 10964 --- [DiscoveryClient-CacheRefreshExecutor-0] com.netflix.discovery.DiscoveryClient    : Application is null : false
2023-07-06T13:14:14.920+05:30  INFO 10964 --- [DiscoveryClient-CacheRefreshExecutor-0] com.netflix.discovery.DiscoveryClient    : Registered Applications size is zero : true
2023-07-06T13:14:14.920+05:30  INFO 10964 --- [DiscoveryClient-CacheRefreshExecutor-0] com.netflix.discovery.DiscoveryClient    : Application version is -1: false
2023-07-06T13:14:14.920+05:30  INFO 10964 --- [DiscoveryClient-CacheRefreshExecutor-0] com.netflix.discovery.DiscoveryClient    : Getting all instance registry info from the eureka server
2023-07-06T13:14:14.930+05:30  INFO 10964 --- [DiscoveryClient-CacheRefreshExecutor-0] com.netflix.discovery.DiscoveryClient    : The response status is 200
2023-07-06T13:15:36.926+05:30  INFO 10964 --- [SpringApplicationShutdownHook] o.s.c.n.e.s.EurekaServiceRegistry        : Unregistering application USER-SERVICE with eureka with status DOWN
2023-07-06T13:15:36.926+05:30  INFO 10964 --- [SpringApplicationShutdownHook] com.netflix.discovery.DiscoveryClient    : Saw local status change event StatusChangeEvent [timestamp=1688629536926, current=DOWN, previous=UP]
2023-07-06T13:15:36.926+05:30  INFO 10964 --- [DiscoveryClient-InstanceInfoReplicator-0] com.netflix.discovery.DiscoveryClient    : DiscoveryClient_USER-SERVICE/IN-PG02NMKK.Nagarro.local:USER-SERVICE:8081: registering service...
2023-07-06T13:15:36.934+05:30  INFO 10964 --- [DiscoveryClient-InstanceInfoReplicator-0] com.netflix.discovery.DiscoveryClient    : DiscoveryClient_USER-SERVICE/IN-PG02NMKK.Nagarro.local:USER-SERVICE:8081 - registration status: 204
2023-07-06T13:15:36.966+05:30  INFO 10964 --- [SpringApplicationShutdownHook] j.LocalContainerEntityManagerFactoryBean : Closing JPA EntityManagerFactory for persistence unit 'default'
2023-07-06T13:15:36.967+05:30  INFO 10964 --- [SpringApplicationShutdownHook] .SchemaDropperImpl$DelayedDropActionImpl : HHH000477: Starting delayed evictData of schema as part of SessionFactory shut-down'
2023-07-06T13:15:37.144+05:30  INFO 10964 --- [SpringApplicationShutdownHook] com.zaxxer.hikari.HikariDataSource       : HikariPool-1 - Shutdown initiated...
2023-07-06T13:15:37.157+05:30  INFO 10964 --- [SpringApplicationShutdownHook] com.zaxxer.hikari.HikariDataSource       : HikariPool-1 - Shutdown completed.
2023-07-06T13:15:37.158+05:30  INFO 10964 --- [SpringApplicationShutdownHook] com.netflix.discovery.DiscoveryClient    : Shutting down DiscoveryClient ...
2023-07-06T13:15:40.171+05:30  INFO 10964 --- [SpringApplicationShutdownHook] com.netflix.discovery.DiscoveryClient    : Unregistering ...
2023-07-06T13:15:40.182+05:30  INFO 10964 --- [SpringApplicationShutdownHook] com.netflix.discovery.DiscoveryClient    : DiscoveryClient_USER-SERVICE/IN-PG02NMKK.Nagarro.local:USER-SERVICE:8081 - deregister  status: 200
2023-07-06T13:15:40.187+05:30  INFO 10964 --- [SpringApplicationShutdownHook] com.netflix.discovery.DiscoveryClient    : Completed shut down of DiscoveryClient
